push-ana push-bia push-carlos push-márcia push-tiago
push-pedro 1x-pop push-júlia push-pedro
push-fernanda
push-luiz
push-cléo push-juca push-lina 3x-pop push-caco push-cléo push-juca push-lina push-rita 1x-pop push-nona push-rita push-samba
push-brenda push-vitor 2x-pop push-amanda push-brenda push-vitor 1x-pop push-clara push-vitor 1x-pop push-renan push-vitor
push-lucas push-mara
push-karen
push-robson
push-dona push-tina 1x-pop push-kiko push-tina 1x-pop push-nino push-tina push-yara 4x-pop push-fafa push-kiko push-nino push-tina push-yara 6x-pop push-bica push-dona push-fafa push-kiko push-nino push-tina push-yara
push-carol push-márcio push-samira 3x-pop push-alice push-carol push-márcio push-samira 3x-pop push-bruno push-carol push-márcio push-samira
push-aline push-bruno
push-gabriela
push-felipe
push-zeca 1x-pop push-luna push-zeca 1x-pop push-mica push-zeca 3x-pop push-dino push-luna push-mica push-zeca 1x-pop push-sara push-zeca 4x-pop push-lala push-luna push-mica push-sara push-zeca 5x-pop push-fuma push-lala push-luna push-mica push-sara push-zeca
push-thais 1x-pop push-ricardo push-thais 2x-pop push-luana push-ricardo push-thais 3x-pop push-andré push-luana push-ricardo push-thais 3x-pop push-brenda push-luana push-ricardo push-thais
push-isabela
push-rodrigo
push-césar
push-tina
push-mário 1x-pop push-cris push-mário push-nilo 2x-pop push-mila push-mário push-nilo 3x-pop push-lana push-mila push-mário push-nilo 3x-pop push-mica push-mila push-mário push-nilo
push-mateus 1x-pop push-amanda push-mateus
push-sofia
push-guilherme
push-joana push-kiko 2x-pop push-jaci push-joana push-kiko push-lima push-toni 1x-pop push-sara push-toni 6x-pop push-béia push-jaci push-joana push-kiko push-lima push-sara push-toni
push-luana push-ricardo
push-caio
push-manuela
push-nelson 1x-pop push-luma push-nelson push-teca 1x-pop push-nina push-teca 4x-pop push-kiko push-luma push-nelson push-nina push-teca 3x-pop push-marco push-nelson push-nina push-teca
push-paulo 1x-pop push-bia push-paulo
push-alana
push-diogo
push-fabiana
push-suely 1x-pop push-pedro push-suely 2x-pop push-mica push-pedro push-suely 3x-pop push-juca push-mica push-pedro push-suely 3x-pop push-lina push-mica push-pedro push-suely push-tony push-zara
push-tainá 1x-pop push-antônio push-tainá
push-isis
push-leandro
push-camila push-kiko push-tina 1x-pop push-nilo push-tina 2x-pop push-mara push-nilo push-tina 5x-pop push-bento push-camila push-kiko push-mara push-nilo push-tina
push-daniella push-jorge
push-priscila
push-cristiano
push-samara 1x-pop push-kiko push-samara 1x-pop push-luna push-samara 3x-pop push-jaci push-kiko push-luna push-samara 1x-pop push-nilo push-samara 5x-pop push-caco push-jaci push-kiko push-luna push-nilo push-samara 1x-pop push-nino push-samara
push-júlia 1x-pop push-hélio push-júlia
push-lorena
push-edson
push-luciana 1x-pop push-dino push-luciana push-mica push-nina push-yara 1x-pop push-tony push-yara 6x-pop push-bara push-dino push-luciana push-mica push-nina push-tony push-yara
push-thaís 1x-pop push-henrique push-thaís
push-vanessa
push-débora
push-claudio push-tino 1x-pop push-keca push-tino 1x-pop push-nara push-tino 2x-pop push-lino push-nara push-tino 1x-pop push-nilo push-tino 1x-pop push-soma push-tino
push-bianca
push-valéria
push-vinícius
push-rafaela 1x-pop push-mica push-rafaela push-tino 2x-pop push-nina push-rafaela push-tino 3x-pop push-nara push-nina push-rafaela push-tino push-yara 6x-pop push-gala push-mica push-nara push-nina push-rafaela push-tino push-yara
push-carmen push-rubens
push-regina
push-celso
push-monica 1x-pop push-kiko push-monica push-mário 2x-pop push-lino push-monica push-mário push-méia 4x-pop push-lana push-lino push-monica push-mário push-méia push-réa
push-cláudio push-vivian
push-stella
push-raimundo
push-letícia
push-roberta 1x-pop push-kiko push-roberta 1x-pop push-luna push-roberta 1x-pop push-nilo push-roberta 4x-pop push-jaci push-kiko push-luna push-nilo push-roberta push-sara 6x-pop push-gala push-jaci push-kiko push-luna push-nilo push-roberta push-sara 4x-pop push-lila push-luna push-nilo push-roberta push-sara
push-flávia push-rogério
push-emília
push-ivan
push-caetano push-kiko push-lino push-mara push-rica 5x-pop push-bara push-caetano push-kiko push-lino push-mara push-rica 2x-pop push-luma push-mara push-rica
push-márcio 1x-pop push-elisa push-márcio
push-gisele
push-ricardo
push-helena 1x-pop push-dino push-helena push-kiko push-nara push-tina 3x-pop push-juca push-kiko push-nara push-tina 2x-pop push-lala push-nara push-tina 7x-pop push-bara push-dino push-helena push-juca push-kiko push-lala push-nara push-tina
push-fernando 1x-pop push-daniela push-fernando
push-clarice
push-eduardo
push-tássia 1x-pop push-kiko push-tássia 1x-pop push-nino push-tássia 2x-pop push-luna push-nino push-tássia 2x-pop push-nilo push-nino push-tássia 3x-pop push-mica push-nilo push-nino push-tássia 6x-pop push-bara push-kiko push-luna push-mica push-nilo push-nino push-tássia
push-tatiana 1x-pop push-hugo push-tatiana
push-josé
push-marcos
push-arthur push-kiko push-lino push-nara 3x-pop push-dino push-kiko push-lino push-nara 3x-pop push-gala push-kiko push-lino push-nara 1x-pop push-mica push-nara push-yara
push-erica push-thales
push-larissa
push-aline
push-lucio 1x-pop push-kiko push-lucio push-luna push-rica push-tino 2x-pop push-nina push-rica push-tino 6x-pop push-gala push-kiko push-lucio push-luna push-nina push-rica push-tino 7x-pop push-bica push-gala push-kiko push-lucio push-luna push-nina push-rica push-tino
push-marina 1x-pop push-gabriel push-marina
push-eliana
push-fabricio
push-glaucia push-nilo 1x-pop push-kiko push-nilo 2x-pop push-jaci push-kiko push-nilo push-tino 2x-pop push-mica push-nilo push-tino 3x-pop push-lino push-mica push-nilo push-tino 7x-pop push-bara push-glaucia push-jaci push-kiko push-lino push-mica push-nilo push-tino
push-bruna push-gustavo
push-elisa
push-silvio
push-glauco push-kiko push-luna push-rica 2x-pop push-lino push-luna push-rica push-yara 6x-pop push-gala push-glauco push-kiko push-lino push-luna push-rica push-yara 2x-pop push-nino push-rica push-yara
push-ingrid push-leandro
push-mariana
push-jonas
push-roberta 1x-pop push-kiko push-roberta 1x-pop push-nilo push-roberta 3x-pop push-jaci push-kiko push-nilo push-roberta push-tino 3x-pop push-lino push-nilo push-roberta push-tino 3x-pop push-luna push-nilo push-roberta push-tino 7x-pop push-bara push-jaci push-kiko push-lino push-luna push-nilo push-roberta push-tino
push-rosana 1x-pop push-diego push-rosana
push-paula
push-rogéria
push-tania 1x-pop push-kiko push-tania 1x-pop push-luna push-tania 1x-pop push-rica push-tania 2x-pop push-nilo push-rica push-tania 5x-pop push-gala push-kiko push-luna push-nilo push-rica push-tania 4x-pop push-luma push-luna push-nilo push-rica push-tania 7x-pop push-bara push-gala push-kiko push-luma push-luna push-nilo push-rica push-tania
push-carina push-lucas