[33m[Etapa] tentando comparação entre os resultados...[0m

[36mlinha 1: [0mresultados equivalentes
[36mlinha 2: [0mresultados equivalentes
[36mlinha 3: [0mresultados equivalentes
[36mlinha 4: [0mresultados equivalentes
[36mlinha 5: [0mresultados equivalentes
[36mlinha 6: [0mresultados equivalentes
[36mlinha 7: [0mresultados equivalentes
[36mlinha 8: [0mresultados equivalentes
[36mlinha 9: [0mresultados equivalentes
[36mlinha 10: [0mresultados equivalentes
[36mlinha 11: [0mresultados equivalentes
[36mlinha 12: [0mresultados equivalentes
[36mlinha 13: [0mresultados equivalentes
[36mlinha 14: [0mresultados equivalentes
[36mlinha 15: [0mresultados equivalentes
[36mlinha 16: [0mresultados equivalentes
[36mlinha 17: [0mresultados equivalentes
[36mlinha 18: [0mresultados equivalentes
[36mlinha 19: [0mresultados equivalentes
[36mlinha 20: [0mresultados equivalentes
[36mlinha 21: [0mresultados equivalentes
[36mlinha 22: [0mresultados equivalentes
[36mlinha 23: [0mresultados equivalentes
[36mlinha 24: [0mresultados equivalentes
[36mlinha 25: [0mresultados equivalentes
[36mlinha 26: [0mresultados equivalentes
[36mlinha 27: [0mresultados equivalentes
[36mlinha 28: [0mresultados equivalentes
[36mlinha 29: [0mresultados equivalentes
[36mlinha 30: [0mresultados equivalentes
[36mlinha 31: [0mresultados equivalentes
[36mlinha 32: [0mresultados equivalentes
[36mlinha 33: [0mresultados equivalentes
[36mlinha 34: [0mresultados equivalentes
[36mlinha 35: [0mresultados equivalentes
[36mlinha 36: [0mresultados equivalentes
[36mlinha 37: [0mresultados equivalentes
[36mlinha 38: [0mresultados equivalentes
[36mlinha 39: [0mresultados equivalentes
[36mlinha 40: [0mresultados equivalentes
[36mlinha 41: [0mresultados equivalentes
[36mlinha 42: [0mresultados equivalentes
[36mlinha 43: [0mresultados equivalentes
[36mlinha 44: [0mresultados equivalentes
[36mlinha 45: [0mresultados equivalentes
[36mlinha 46: [0mresultados equivalentes
[36mlinha 47: [0mresultados equivalentes
[36mlinha 48: [0mresultados equivalentes
[36mlinha 49: [0mresultados equivalentes
[36mlinha 50: [0mresultados equivalentes
[36mlinha 51: [0mresultados equivalentes
[36mlinha 52: [0mresultados equivalentes
[36mlinha 53: [0mresultados equivalentes
[36mlinha 54: [0mresultados equivalentes
[36mlinha 55: [0mresultados equivalentes
[36mlinha 56: [0mresultados equivalentes
[36mlinha 57: [0mresultados equivalentes
[36mlinha 58: [0mresultados equivalentes
[36mlinha 59: [0mresultados equivalentes
[36mlinha 60: [0mresultados equivalentes
[36mlinha 61: [0mresultados equivalentes
[36mlinha 62: [0mresultados equivalentes
[36mlinha 63: [0mresultados equivalentes
[36mlinha 64: [0mresultados equivalentes
[36mlinha 65: [0mresultados equivalentes
[36mlinha 66: [0mresultados equivalentes
[36mlinha 67: [0mresultados equivalentes
[36mlinha 68: [0mresultados equivalentes
[36mlinha 69: [0mresultados equivalentes
[36mlinha 70: [0mresultados equivalentes
[36mlinha 71: [0mresultados equivalentes
[36mlinha 72: [0mresultados equivalentes
[36mlinha 73: [0mresultados equivalentes
[36mlinha 74: [0mresultados equivalentes
[36mlinha 75: [0mresultados equivalentes
[36mlinha 76: [0mresultados equivalentes
[36mlinha 77: [0mresultados equivalentes
[36mlinha 78: [0mresultados equivalentes
[36mlinha 79: [0mresultados equivalentes
[36mlinha 80: [0mresultados equivalentes
[36mlinha 81: [0mresultados equivalentes
[41mDiferença:[0m [37mna linha 82[0m
[36m(resultado obtido):[0m push-aline[41m[0m
[36m(resultado esperado):[0m push-aline[42me[0m

[36mlinha 83: [0mresultados equivalentes
[36mlinha 84: [0mresultados equivalentes
[36mlinha 85: [0mresultados equivalentes
[36mlinha 86: [0mresultados equivalentes
[36mlinha 87: [0mresultados equivalentes
[36mlinha 88: [0mresultados equivalentes
[36mlinha 89: [0mresultados equivalentes
[36mlinha 90: [0mresultados equivalentes
[36mlinha 91: [0mresultados equivalentes
[36mlinha 92: [0mresultados equivalentes
[36mlinha 93: [0mresultados equivalentes
[36mlinha 94: [0mresultados equivalentes
[36mlinha 95: [0mresultados equivalentes
[36mlinha 96: [0mresultados equivalentes
[36mlinha 97: [0mresultados equivalentes
[36mlinha 98: [0mresultados equivalentes
[36mlinha 99: [0mresultados equivalentes
[36mlinha 100: [0mresultados equivalentes
[41mResultado:[0m diferenças encontradas. TESTE FALHOU. (1 diferenças)
